<?xml version="1.0" encoding="UTF-8"?>
<testsuite xmlns:xsi="http://www.w3.org/2001/XMLSchema-instance" xsi:noNamespaceSchemaLocation="https://maven.apache.org/surefire/maven-surefire-plugin/xsd/surefire-test-report.xsd" name="uk.nhs.nhsbsa.services.RunCukesTest" time="24.975" tests="22" errors="2" skipped="2" failures="0">
  <properties>
[...]
</properties>
  <testcase name="Given I am on Base URL page" classname="Scenario: Positive" time="0.004"/>
  <testcase name="When I Click on &quot;Start Now&quot; button" classname="Scenario: Positive" time="0"/>
  <testcase name="And I select &quot;Wales&quot; in &quot;I Live in country&quot; page" classname="Scenario: Positive" time="0"/>
  <testcase name="And I Click on &quot;Next&quot; button" classname="Scenario: Positive" time="0"/>
  <testcase name="And I Click on &quot;Next&quot; button" classname="Scenario: Positive" time="0"/>
  <testcase name="And I Click on &quot;Next&quot; button" classname="Scenario: Positive" time="0"/>
  <testcase name="And I Click on &quot;Next&quot; button" classname="Scenario: Positive" time="0"/>
  <testcase name="And I Click on &quot;Next&quot; button" classname="Scenario: Positive" time="0"/>
  <testcase name="And I Click on &quot;Next&quot; button" classname="Scenario: Positive" time="0.001"/>
  <testcase name="And I Click on &quot;Next&quot; button" classname="Scenario: Positive" time="0"/>
  <testcase name="And I Click on &quot;Next&quot; button" classname="Scenario: Positive" time="0"/>
  <testcase name="And I Click on &quot;Next&quot; button" classname="Scenario: Positive" time="0">
    <skipped/>
  </testcase>
  <testcase name="And I select &quot;Yes&quot; for &quot;GP practice in Scotland or Wales&quot;" classname="Scenario: Positive" time="0"/>
  <testcase name="And I select &quot;Wales&quot; in &quot;my dental practice in&quot; page" classname="Scenario: Positive" time="0"/>
  <testcase name="And I input my Birth date value as &quot;01&quot; day &quot;01&quot; month and &quot;2000&quot; year" classname="Scenario: Positive" time="0"/>
  <testcase name="And I select &quot;Yes&quot; for &quot;live with a partner&quot;" classname="Scenario: Positive" time="0"/>
  <testcase name="And I select &quot;Yes&quot; for &quot;you or your partner claim any benefits or tax credits&quot;" classname="Scenario: Positive" time="0"/>
  <testcase name="And I select &quot;Yes&quot; for &quot;you or your partner get paid Universal Credit&quot;" classname="Scenario: Positive" time="0"/>
  <testcase name="And I select &quot;Yes&quot; for &quot;As part of your joint Universal Credit&quot;" classname="Scenario: Positive" time="0"/>
  <testcase name="And I select &quot;Yes&quot; for &quot;you and your partner have a combined take-home pay of £935 or less in your last Universal Credit period&quot;" classname="Scenario: Positive" time="0.053">
    <error message="Expected condition failed: waiting for visibility of [[ChromeDriver: chrome on WINDOWS (b2754e02adfec36a53ea3778b6385313)] -&gt; xpath: //input[@id=&apos;radio-yes&apos;]] (tried for 10 second(s) with 500 milliseconds interval)&#10;Build info: version: &apos;4.0.0&apos;, revision: &apos;3a21814679&apos;&#10;System info: host: &apos;DESKTOP-OQ9V1EJ&apos;, ip: &apos;192.168.0.26&apos;, os.name: &apos;Windows 11&apos;, os.arch: &apos;amd64&apos;, os.version: &apos;10.0&apos;, java.version: &apos;1.8.0_321&apos;&#10;Driver info: org.openqa.selenium.chrome.ChromeDriver&#10;Capabilities {acceptInsecureCerts: false, browserName: chrome, browserVersion: 104.0.5112.82, chrome: {chromedriverVersion: 104.0.5112.79 (3cf3e8c8a07d..., userDataDir: C:\Users\jigar\AppData\Loca...}, goog:chromeOptions: {debuggerAddress: localhost:56623}, javascriptEnabled: true, networkConnectionEnabled: false, pageLoadStrategy: normal, platform: WINDOWS, platformName: WINDOWS, proxy: Proxy(), se:cdp: ws://localhost:56623/devtoo..., se:cdpVersion: 104.0.5112.82, setWindowRect: true, strictFileInteractability: false, timeouts: {implicit: 0, pageLoad: 300000, script: 30000}, unhandledPromptBehavior: dismiss and notify, webauthn:extension:credBlob: true, webauthn:extension:largeBlob: true, webauthn:virtualAuthenticators: true}&#10;Session ID: b2754e02adfec36a53ea3778b6385313" type="org.openqa.selenium.TimeoutException">org.openqa.selenium.TimeoutException: 
Expected condition failed: waiting for visibility of [[ChromeDriver: chrome on WINDOWS (b2754e02adfec36a53ea3778b6385313)] -> xpath: //input[@id='radio-yes']] (tried for 10 second(s) with 500 milliseconds interval)
Build info: version: '4.0.0', revision: '3a21814679'
System info: host: 'DESKTOP-OQ9V1EJ', ip: '192.168.0.26', os.name: 'Windows 11', os.arch: 'amd64', os.version: '10.0', java.version: '1.8.0_321'
Driver info: org.openqa.selenium.chrome.ChromeDriver
Capabilities {acceptInsecureCerts: false, browserName: chrome, browserVersion: 104.0.5112.82, chrome: {chromedriverVersion: 104.0.5112.79 (3cf3e8c8a07d..., userDataDir: C:\Users\jigar\AppData\Loca...}, goog:chromeOptions: {debuggerAddress: localhost:56623}, javascriptEnabled: true, networkConnectionEnabled: false, pageLoadStrategy: normal, platform: WINDOWS, platformName: WINDOWS, proxy: Proxy(), se:cdp: ws://localhost:56623/devtoo..., se:cdpVersion: 104.0.5112.82, setWindowRect: true, strictFileInteractability: false, timeouts: {implicit: 0, pageLoad: 300000, script: 30000}, unhandledPromptBehavior: dismiss and notify, webauthn:extension:credBlob: true, webauthn:extension:largeBlob: true, webauthn:virtualAuthenticators: true}
Session ID: b2754e02adfec36a53ea3778b6385313
</error>
  </testcase>
  <testcase name="Scenario: Positive" classname="Scenario: Positive" time="0.053">
    <error message="Expected condition failed: waiting for visibility of [[ChromeDriver: chrome on WINDOWS (b2754e02adfec36a53ea3778b6385313)] -&gt; xpath: //input[@id=&apos;radio-yes&apos;]] (tried for 10 second(s) with 500 milliseconds interval)&#10;Build info: version: &apos;4.0.0&apos;, revision: &apos;3a21814679&apos;&#10;System info: host: &apos;DESKTOP-OQ9V1EJ&apos;, ip: &apos;192.168.0.26&apos;, os.name: &apos;Windows 11&apos;, os.arch: &apos;amd64&apos;, os.version: &apos;10.0&apos;, java.version: &apos;1.8.0_321&apos;&#10;Driver info: org.openqa.selenium.chrome.ChromeDriver&#10;Capabilities {acceptInsecureCerts: false, browserName: chrome, browserVersion: 104.0.5112.82, chrome: {chromedriverVersion: 104.0.5112.79 (3cf3e8c8a07d..., userDataDir: C:\Users\jigar\AppData\Loca...}, goog:chromeOptions: {debuggerAddress: localhost:56623}, javascriptEnabled: true, networkConnectionEnabled: false, pageLoadStrategy: normal, platform: WINDOWS, platformName: WINDOWS, proxy: Proxy(), se:cdp: ws://localhost:56623/devtoo..., se:cdpVersion: 104.0.5112.82, setWindowRect: true, strictFileInteractability: false, timeouts: {implicit: 0, pageLoad: 300000, script: 30000}, unhandledPromptBehavior: dismiss and notify, webauthn:extension:credBlob: true, webauthn:extension:largeBlob: true, webauthn:virtualAuthenticators: true}&#10;Session ID: b2754e02adfec36a53ea3778b6385313" type="org.openqa.selenium.TimeoutException">org.openqa.selenium.TimeoutException: 
Expected condition failed: waiting for visibility of [[ChromeDriver: chrome on WINDOWS (b2754e02adfec36a53ea3778b6385313)] -> xpath: //input[@id='radio-yes']] (tried for 10 second(s) with 500 milliseconds interval)
Build info: version: '4.0.0', revision: '3a21814679'
System info: host: 'DESKTOP-OQ9V1EJ', ip: '192.168.0.26', os.name: 'Windows 11', os.arch: 'amd64', os.version: '10.0', java.version: '1.8.0_321'
Driver info: org.openqa.selenium.chrome.ChromeDriver
Capabilities {acceptInsecureCerts: false, browserName: chrome, browserVersion: 104.0.5112.82, chrome: {chromedriverVersion: 104.0.5112.79 (3cf3e8c8a07d..., userDataDir: C:\Users\jigar\AppData\Loca...}, goog:chromeOptions: {debuggerAddress: localhost:56623}, javascriptEnabled: true, networkConnectionEnabled: false, pageLoadStrategy: normal, platform: WINDOWS, platformName: WINDOWS, proxy: Proxy(), se:cdp: ws://localhost:56623/devtoo..., se:cdpVersion: 104.0.5112.82, setWindowRect: true, strictFileInteractability: false, timeouts: {implicit: 0, pageLoad: 300000, script: 30000}, unhandledPromptBehavior: dismiss and notify, webauthn:extension:credBlob: true, webauthn:extension:largeBlob: true, webauthn:virtualAuthenticators: true}
Session ID: b2754e02adfec36a53ea3778b6385313
</error>
  </testcase>
  <testcase name="Then I should see &quot;Done&quot; text" classname="Scenario: Positive" time="0">
    <skipped/>
  </testcase>
</testsuite>